<?xml version="1.0" encoding="UTF-8"?>
<testng-results skipped="0" failed="0" total="1" passed="1">
  <reporter-output>
  </reporter-output>
  <suite name="Default suite" duration-ms="691" started-at="2016-04-25T11:51:48Z" finished-at="2016-04-25T11:51:49Z">
    <groups>
    </groups>
    <test name="Default test" duration-ms="691" started-at="2016-04-25T11:51:48Z" finished-at="2016-04-25T11:51:49Z">
      <class name="MySqlReadData">
        <test-method status="PASS" signature="setUp()[pri:0, instance:MySqlReadData@b97c004]" name="setUp" is-config="true" duration-ms="127" started-at="2016-04-25T17:21:48Z" finished-at="2016-04-25T17:21:48Z">
          <reporter-output>
          </reporter-output>
        </test-method> <!-- setUp -->
        <test-method status="PASS" signature="printTableData()[pri:0, instance:MySqlReadData@b97c004]" name="printTableData" duration-ms="538" started-at="2016-04-25T17:21:48Z" finished-at="2016-04-25T17:21:49Z">
          <reporter-output>
          </reporter-output>
        </test-method> <!-- printTableData -->
        <test-method status="PASS" signature="tearDown()[pri:0, instance:MySqlReadData@b97c004]" name="tearDown" is-config="true" duration-ms="1" started-at="2016-04-25T17:21:49Z" finished-at="2016-04-25T17:21:49Z">
          <reporter-output>
          </reporter-output>
        </test-method> <!-- tearDown -->
      </class> <!-- MySqlReadData -->
    </test> <!-- Default test -->
  </suite> <!-- Default suite -->
</testng-results>
